<?xml version="1.0" encoding="UTF-8"?>
<testng-results skipped="0" failed="1" total="1" passed="0">
  <reporter-output>
  </reporter-output>
  <suite name="Default suite" duration-ms="43816" started-at="2019-03-04T15:42:10Z" finished-at="2019-03-04T15:42:54Z">
    <groups>
    </groups>
    <test name="Default test" duration-ms="43816" started-at="2019-03-04T15:42:10Z" finished-at="2019-03-04T15:42:54Z">
      <class name="SLENIUM_08_HANHNT.Topic07_Custom_DropList">
        <test-method status="PASS" signature="beforeClass()[pri:0, instance:SLENIUM_08_HANHNT.Topic07_Custom_DropList@53fd30]" name="beforeClass" is-config="true" duration-ms="35810" started-at="2019-03-04T22:42:10Z" finished-at="2019-03-04T22:42:46Z">
          <reporter-output>
          </reporter-output>
        </test-method> <!-- beforeClass -->
        <test-method status="FAIL" signature="TC_01()[pri:0, instance:SLENIUM_08_HANHNT.Topic07_Custom_DropList@53fd30]" name="TC_01" duration-ms="1212" started-at="2019-03-04T22:42:46Z" finished-at="2019-03-04T22:42:47Z">
          <exception class="java.lang.ClassCastException">
            <message>
              <![CDATA[org.openqa.selenium.remote.RemoteWebElement cannot be cast to java.util.List]]>
            </message>
            <full-stacktrace>
              <![CDATA[java.lang.ClassCastException: org.openqa.selenium.remote.RemoteWebElement cannot be cast to java.util.List
	at SLENIUM_08_HANHNT.Topic07_Custom_DropList.selectCustomDropdownList(Topic07_Custom_DropList.java:55)
	at SLENIUM_08_HANHNT.Topic07_Custom_DropList.TC_01(Topic07_Custom_DropList.java:41)
	at sun.reflect.NativeMethodAccessorImpl.invoke0(Native Method)
	at sun.reflect.NativeMethodAccessorImpl.invoke(Unknown Source)
	at sun.reflect.DelegatingMethodAccessorImpl.invoke(Unknown Source)
	at java.lang.reflect.Method.invoke(Unknown Source)
	at org.testng.internal.MethodInvocationHelper.invokeMethod(MethodInvocationHelper.java:85)
	at org.testng.internal.Invoker.invokeMethod(Invoker.java:639)
	at org.testng.internal.Invoker.invokeTestMethod(Invoker.java:816)
	at org.testng.internal.Invoker.invokeTestMethods(Invoker.java:1124)
	at org.testng.internal.TestMethodWorker.invokeTestMethods(TestMethodWorker.java:125)
	at org.testng.internal.TestMethodWorker.run(TestMethodWorker.java:108)
	at org.testng.TestRunner.privateRun(TestRunner.java:774)
	at org.testng.TestRunner.run(TestRunner.java:624)
	at org.testng.SuiteRunner.runTest(SuiteRunner.java:359)
	at org.testng.SuiteRunner.runSequentially(SuiteRunner.java:354)
	at org.testng.SuiteRunner.privateRun(SuiteRunner.java:312)
	at org.testng.SuiteRunner.run(SuiteRunner.java:261)
	at org.testng.SuiteRunnerWorker.runSuite(SuiteRunnerWorker.java:52)
	at org.testng.SuiteRunnerWorker.run(SuiteRunnerWorker.java:86)
	at org.testng.TestNG.runSuitesSequentially(TestNG.java:1215)
	at org.testng.TestNG.runSuitesLocally(TestNG.java:1140)
	at org.testng.TestNG.run(TestNG.java:1048)
	at org.testng.remote.RemoteTestNG.run(RemoteTestNG.java:112)
	at org.testng.remote.RemoteTestNG.initAndRun(RemoteTestNG.java:205)
	at org.testng.remote.RemoteTestNG.main(RemoteTestNG.java:176)
]]>
            </full-stacktrace>
          </exception> <!-- java.lang.ClassCastException -->
          <reporter-output>
          </reporter-output>
        </test-method> <!-- TC_01 -->
        <test-method status="PASS" signature="afterClass()[pri:0, instance:SLENIUM_08_HANHNT.Topic07_Custom_DropList@53fd30]" name="afterClass" is-config="true" duration-ms="6674" started-at="2019-03-04T22:42:47Z" finished-at="2019-03-04T22:42:54Z">
          <reporter-output>
          </reporter-output>
        </test-method> <!-- afterClass -->
      </class> <!-- SLENIUM_08_HANHNT.Topic07_Custom_DropList -->
    </test> <!-- Default test -->
  </suite> <!-- Default suite -->
</testng-results>
